
> masterflow-api@9.12.08 dev
> vite --host


  VITE v6.4.1  ready in 204 ms

  ➜  Local:   https://localhost:3000/
  ➜  Network: https://192.168.1.98:3000/
  ➜  Network: https://192.168.149.156:3000/
8:27:14 AM [vite] (client) hmr update /src/pages/flows/v9/JWTBearerTokenFlowV9.tsx
8:27:31 AM [vite] (client) hmr update /src/pages/flows/v9/JWTBearerTokenFlowV9.tsx
8:27:57 AM [vite] (client) hmr update /src/pages/flows/v9/JWTBearerTokenFlowV9.tsx
8:28:18 AM [vite] (client) hmr update /src/pages/flows/v9/JWTBearerTokenFlowV9.tsx
8:28:27 AM [vite] (client) hmr update /src/pages/flows/v9/JWTBearerTokenFlowV9.tsx
8:28:27 AM [vite] (client) hmr update /src/pages/flows/v9/JWTBearerTokenFlowV9.tsx
8:28:37 AM [vite] (client) hmr update /src/pages/flows/v9/JWTBearerTokenFlowV9.tsx
8:28:46 AM [vite] (client) hmr update /src/pages/flows/v9/JWTBearerTokenFlowV9.tsx
8:28:54 AM [vite] (client) hmr update /src/pages/flows/v9/JWTBearerTokenFlowV9.tsx
8:29:23 AM [vite] (client) hmr update /src/pages/flows/v9/JWTBearerTokenFlowV9.tsx, /src/services/v9/v9FlowCompletionService.tsx, /src/services/v9/v9ComprehensiveCredentialsService.tsx, /src/services/v9/v9ModalPresentationService.tsx, /src/services/v9/v9FlowHeaderService.tsx, /src/pages/flows/JWTBearerTokenFlowV7.tsx
8:29:43 AM [vite] (client) hmr update /src/pages/flows/v9/JWTBearerTokenFlowV9.tsx
8:29:43 AM [vite] (client) hmr update /src/pages/flows/v9/JWTBearerTokenFlowV9.tsx
8:31:22 AM [vite] (client) hmr update /src/pages/flows/v9/JWTBearerTokenFlowV9.tsx
8:31:31 AM [vite] (client) hmr update /src/pages/flows/v9/JWTBearerTokenFlowV9.tsx
8:31:51 AM [vite] (client) hmr update /src/services/v9/v9FlowHeaderService.tsx
8:32:00 AM [vite] (client) hmr update /src/services/v9/v9FlowHeaderService.tsx
8:32:10 AM [vite] (client) hmr update /src/pages/flows/v9/JWTBearerTokenFlowV9.tsx
8:32:10 AM [vite] (client) hmr update /src/pages/v9/PostmanCollectionGeneratorV9.tsx
8:32:10 AM [vite] (client) hmr update /src/pages/v9/PostmanCollectionGeneratorV9.tsx, /src/pages/flows/JWTBearerTokenFlowV7.tsx, /src/pages/flows/v9/JWTBearerTokenFlowV9.tsx, /src/pages/flows/v9/OAuthAuthorizationCodeFlowV9_Condensed.tsx, /src/pages/flows/v9/RARFlowV9.tsx
8:32:10 AM [vite] (client) hmr update /src/services/v9/v9FlowHeaderService.tsx
8:32:10 AM [vite] (client) hmr update /src/pages/flows/v9/JWTBearerTokenFlowV9.tsx
8:32:10 AM [vite] (client) hmr update /src/pages/v9/PostmanCollectionGeneratorV9.tsx, /src/pages/flows/v9/OAuthAuthorizationCodeFlowV9_Condensed.tsx, /src/pages/flows/v9/RARFlowV9.tsx
8:32:10 AM [vite] (client) hmr update /src/services/v9/v9ComprehensiveCredentialsService.tsx
8:32:10 AM [vite] (client) hmr update /src/pages/flows/v9/JWTBearerTokenFlowV9.tsx
8:32:10 AM [vite] (client) hmr update /src/pages/flows/v9/JWTBearerTokenFlowV9.tsx
8:32:10 AM [vite] (client) hmr update /src/services/v9/v9FlowCompletionService.tsx
8:32:10 AM [vite] (client) hmr update /src/pages/v9/PostmanCollectionGeneratorV9.tsx
8:32:10 AM [vite] (client) hmr update /src/services/v9/v9ModalPresentationService.tsx
8:32:21 AM [vite] (client) hmr update /src/pages/flows/v9/JWTBearerTokenFlowV9.tsx
8:32:21 AM [vite] (client) hmr update /src/pages/v9/PostmanCollectionGeneratorV9.tsx
8:32:21 AM [vite] (client) hmr update /src/pages/v9/PostmanCollectionGeneratorV9.tsx, /src/pages/flows/JWTBearerTokenFlowV7.tsx, /src/pages/flows/v9/JWTBearerTokenFlowV9.tsx, /src/pages/flows/v9/OAuthAuthorizationCodeFlowV9_Condensed.tsx, /src/pages/flows/v9/RARFlowV9.tsx
8:32:21 AM [vite] (client) hmr update /src/services/v9/v9FlowHeaderService.tsx
8:32:21 AM [vite] (client) hmr update /src/pages/flows/v9/JWTBearerTokenFlowV9.tsx
8:32:21 AM [vite] (client) hmr update /src/pages/v9/PostmanCollectionGeneratorV9.tsx, /src/pages/flows/v9/OAuthAuthorizationCodeFlowV9_Condensed.tsx, /src/pages/flows/v9/RARFlowV9.tsx
8:32:21 AM [vite] (client) hmr update /src/services/v9/v9ComprehensiveCredentialsService.tsx
8:32:21 AM [vite] (client) hmr update /src/pages/flows/v9/JWTBearerTokenFlowV9.tsx
8:32:21 AM [vite] (client) hmr update /src/pages/flows/v9/JWTBearerTokenFlowV9.tsx
8:32:21 AM [vite] (client) hmr update /src/services/v9/v9FlowCompletionService.tsx
8:32:21 AM [vite] (client) hmr update /src/pages/v9/PostmanCollectionGeneratorV9.tsx
8:32:21 AM [vite] (client) hmr update /src/services/v9/v9ModalPresentationService.tsx
8:32:28 AM [vite] (client) hmr update /src/pages/flows/v9/JWTBearerTokenFlowV9.tsx
8:32:28 AM [vite] (client) hmr update /src/pages/v9/PostmanCollectionGeneratorV9.tsx
8:32:28 AM [vite] (client) hmr update /src/pages/v9/PostmanCollectionGeneratorV9.tsx, /src/pages/flows/JWTBearerTokenFlowV7.tsx, /src/pages/flows/v9/JWTBearerTokenFlowV9.tsx, /src/pages/flows/v9/OAuthAuthorizationCodeFlowV9_Condensed.tsx, /src/pages/flows/v9/RARFlowV9.tsx
8:32:28 AM [vite] (client) hmr update /src/services/v9/v9FlowHeaderService.tsx
8:32:28 AM [vite] (client) hmr update /src/pages/flows/v9/JWTBearerTokenFlowV9.tsx
8:32:28 AM [vite] (client) hmr update /src/pages/v9/PostmanCollectionGeneratorV9.tsx, /src/pages/flows/v9/OAuthAuthorizationCodeFlowV9_Condensed.tsx, /src/pages/flows/v9/RARFlowV9.tsx
8:32:28 AM [vite] (client) hmr update /src/services/v9/v9ComprehensiveCredentialsService.tsx
8:32:28 AM [vite] (client) hmr update /src/pages/flows/v9/JWTBearerTokenFlowV9.tsx
8:32:28 AM [vite] (client) hmr update /src/pages/flows/v9/JWTBearerTokenFlowV9.tsx
8:32:28 AM [vite] (client) hmr update /src/services/v9/v9FlowCompletionService.tsx
8:32:28 AM [vite] (client) hmr update /src/pages/v9/PostmanCollectionGeneratorV9.tsx
8:32:28 AM [vite] (client) hmr update /src/services/v9/v9ModalPresentationService.tsx
8:32:34 AM [vite] (client) hmr update /src/pages/flows/v9/JWTBearerTokenFlowV9.tsx
8:32:34 AM [vite] (client) hmr update /src/pages/v9/PostmanCollectionGeneratorV9.tsx
8:32:34 AM [vite] (client) hmr update /src/pages/v9/PostmanCollectionGeneratorV9.tsx, /src/pages/flows/JWTBearerTokenFlowV7.tsx, /src/pages/flows/v9/JWTBearerTokenFlowV9.tsx, /src/pages/flows/v9/OAuthAuthorizationCodeFlowV9_Condensed.tsx, /src/pages/flows/v9/RARFlowV9.tsx
8:32:34 AM [vite] (client) hmr update /src/services/v9/v9FlowHeaderService.tsx
8:32:34 AM [vite] (client) hmr update /src/pages/flows/v9/JWTBearerTokenFlowV9.tsx
8:32:34 AM [vite] (client) hmr update /src/pages/v9/PostmanCollectionGeneratorV9.tsx, /src/pages/flows/v9/OAuthAuthorizationCodeFlowV9_Condensed.tsx, /src/pages/flows/v9/RARFlowV9.tsx
8:32:34 AM [vite] (client) hmr update /src/services/v9/v9ComprehensiveCredentialsService.tsx
8:32:34 AM [vite] (client) hmr update /src/pages/flows/v9/JWTBearerTokenFlowV9.tsx
8:32:34 AM [vite] (client) hmr update /src/pages/flows/v9/JWTBearerTokenFlowV9.tsx
8:32:34 AM [vite] (client) hmr update /src/services/v9/v9FlowCompletionService.tsx
8:32:34 AM [vite] (client) hmr update /src/pages/v9/PostmanCollectionGeneratorV9.tsx
8:32:34 AM [vite] (client) hmr update /src/services/v9/v9ModalPresentationService.tsx
8:32:42 AM [vite] (client) hmr update /src/pages/flows/v9/JWTBearerTokenFlowV9.tsx
8:32:42 AM [vite] (client) hmr update /src/pages/v9/PostmanCollectionGeneratorV9.tsx
8:32:42 AM [vite] (client) hmr update /src/pages/v9/PostmanCollectionGeneratorV9.tsx, /src/pages/flows/JWTBearerTokenFlowV7.tsx, /src/pages/flows/v9/JWTBearerTokenFlowV9.tsx, /src/pages/flows/v9/OAuthAuthorizationCodeFlowV9_Condensed.tsx, /src/pages/flows/v9/RARFlowV9.tsx
8:32:42 AM [vite] (client) hmr update /src/services/v9/v9FlowHeaderService.tsx
8:32:42 AM [vite] (client) hmr update /src/pages/flows/v9/JWTBearerTokenFlowV9.tsx
8:32:42 AM [vite] (client) hmr update /src/pages/v9/PostmanCollectionGeneratorV9.tsx, /src/pages/flows/v9/OAuthAuthorizationCodeFlowV9_Condensed.tsx, /src/pages/flows/v9/RARFlowV9.tsx
8:32:42 AM [vite] (client) hmr update /src/services/v9/v9ComprehensiveCredentialsService.tsx
8:32:42 AM [vite] (client) hmr update /src/pages/flows/v9/JWTBearerTokenFlowV9.tsx
8:32:42 AM [vite] (client) hmr update /src/pages/flows/v9/JWTBearerTokenFlowV9.tsx
8:32:42 AM [vite] (client) hmr update /src/services/v9/v9FlowCompletionService.tsx
8:32:42 AM [vite] (client) hmr update /src/pages/v9/PostmanCollectionGeneratorV9.tsx
8:32:42 AM [vite] (client) hmr update /src/services/v9/v9ModalPresentationService.tsx
8:33:21 AM [vite] (client) hmr update /src/pages/flows/JWTBearerTokenFlowV7.tsx
8:34:52 AM [vite] (client) hmr update /src/pages/flows/JWTBearerTokenFlowV7.tsx
8:35:00 AM [vite] (client) hmr update /src/pages/flows/JWTBearerTokenFlowV7.tsx
8:35:07 AM [vite] (client) hmr update /src/pages/flows/JWTBearerTokenFlowV7.tsx
8:36:27 AM [vite] package.json changed, restarting server...
8:36:27 AM [vite] server restarted.
8:36:44 AM [vite] package.json changed, restarting server...
8:36:44 AM [vite] server restarted.
8:36:44 AM [vite] package.json changed, restarting server...
8:36:44 AM [vite] server restarted.
